digraph G {
a;
b;
c;
d;
e;
f;
g;
h;
i;
j;
k;
l;
m;
n;
o;
p;
q;
r;
s;
t;
u;
v;
w;
x;
y;
z;
a->a  [weight=1];
a->b  [weight=1];
a->c  [weight=1];
a->d  [weight=1];
a->e  [weight=1];
a->f  [weight=1];
a->g  [weight=1];
a->h  [weight=1];
a->i  [weight=1];
a->j  [weight=1];
a->k  [weight=1];
a->l  [weight=1];
a->m  [weight=1];
a->n  [weight=1];
a->o  [weight=1];
a->p  [weight=1];
a->q  [weight=1];
a->r  [weight=1];
a->s  [weight=1];
a->t  [weight=1];
a->u  [weight=1];
a->v  [weight=1];
a->w  [weight=1];
a->x  [weight=1];
a->y  [weight=1];
a->z  [weight=1];
b->a  [weight=1];
b->b  [weight=1];
b->c  [weight=1];
b->d  [weight=1];
b->e  [weight=1];
b->f  [weight=1];
b->g  [weight=1];
b->h  [weight=1];
b->i  [weight=1];
b->j  [weight=1];
b->k  [weight=1];
b->l  [weight=1];
b->m  [weight=1];
b->n  [weight=1];
b->o  [weight=1];
b->p  [weight=1];
b->q  [weight=1];
b->r  [weight=1];
b->s  [weight=1];
b->t  [weight=1];
b->u  [weight=1];
b->v  [weight=1];
b->w  [weight=1];
b->x  [weight=1];
b->y  [weight=1];
b->z  [weight=1];
c->a  [weight=1];
c->b  [weight=1];
c->c  [weight=1];
c->d  [weight=1];
c->e  [weight=1];
c->f  [weight=1];
c->g  [weight=1];
c->h  [weight=1];
c->i  [weight=1];
c->j  [weight=1];
c->k  [weight=1];
c->l  [weight=1];
c->m  [weight=1];
c->n  [weight=1];
c->o  [weight=1];
c->p  [weight=1];
c->q  [weight=1];
c->r  [weight=1];
c->s  [weight=1];
c->t  [weight=1];
c->u  [weight=1];
c->v  [weight=1];
c->w  [weight=1];
c->x  [weight=1];
c->y  [weight=1];
c->z  [weight=1];
d->a  [weight=1];
d->b  [weight=1];
d->c  [weight=1];
d->d  [weight=1];
d->e  [weight=1];
d->f  [weight=1];
d->g  [weight=1];
d->h  [weight=1];
d->i  [weight=1];
d->j  [weight=1];
d->k  [weight=1];
d->l  [weight=1];
d->m  [weight=1];
d->n  [weight=1];
d->o  [weight=1];
d->p  [weight=1];
d->q  [weight=1];
d->r  [weight=1];
d->s  [weight=1];
d->t  [weight=1];
d->u  [weight=1];
d->v  [weight=1];
d->w  [weight=1];
d->x  [weight=1];
d->y  [weight=1];
d->z  [weight=1];
e->a  [weight=1];
e->b  [weight=1];
e->c  [weight=1];
e->d  [weight=1];
e->e  [weight=1];
e->f  [weight=1];
e->g  [weight=1];
e->h  [weight=1];
e->i  [weight=1];
e->j  [weight=1];
e->k  [weight=1];
e->l  [weight=1];
e->m  [weight=1];
e->n  [weight=1];
e->o  [weight=1];
e->p  [weight=1];
e->q  [weight=1];
e->r  [weight=1];
e->s  [weight=1];
e->t  [weight=1];
e->u  [weight=1];
e->v  [weight=1];
e->w  [weight=1];
e->x  [weight=1];
e->y  [weight=1];
e->z  [weight=1];
f->a  [weight=1];
f->b  [weight=1];
f->c  [weight=1];
f->d  [weight=1];
f->e  [weight=1];
f->f  [weight=1];
f->g  [weight=1];
f->h  [weight=1];
f->i  [weight=1];
f->j  [weight=1];
f->k  [weight=1];
f->l  [weight=1];
f->m  [weight=1];
f->n  [weight=1];
f->o  [weight=1];
f->p  [weight=1];
f->q  [weight=1];
f->r  [weight=1];
f->s  [weight=1];
f->t  [weight=1];
f->u  [weight=1];
f->v  [weight=1];
f->w  [weight=1];
f->x  [weight=1];
f->y  [weight=1];
f->z  [weight=1];
g->a  [weight=1];
g->b  [weight=1];
g->c  [weight=1];
g->d  [weight=1];
g->e  [weight=1];
g->f  [weight=1];
g->g  [weight=1];
g->h  [weight=1];
g->i  [weight=1];
g->j  [weight=1];
g->k  [weight=1];
g->l  [weight=1];
g->m  [weight=1];
g->n  [weight=1];
g->o  [weight=1];
g->p  [weight=1];
g->q  [weight=1];
g->r  [weight=1];
g->s  [weight=1];
g->t  [weight=1];
g->u  [weight=1];
g->v  [weight=1];
g->w  [weight=1];
g->x  [weight=1];
g->y  [weight=1];
g->z  [weight=1];
h->a  [weight=1];
h->b  [weight=1];
h->c  [weight=1];
h->d  [weight=1];
h->e  [weight=1];
h->f  [weight=1];
h->g  [weight=1];
h->h  [weight=1];
h->i  [weight=1];
h->j  [weight=1];
h->k  [weight=1];
h->l  [weight=1];
h->m  [weight=1];
h->n  [weight=1];
h->o  [weight=1];
h->p  [weight=1];
h->q  [weight=1];
h->r  [weight=1];
h->s  [weight=1];
h->t  [weight=1];
h->u  [weight=1];
h->v  [weight=1];
h->w  [weight=1];
h->x  [weight=1];
h->y  [weight=1];
h->z  [weight=1];
i->a  [weight=1];
i->b  [weight=1];
i->c  [weight=1];
i->d  [weight=1];
i->e  [weight=1];
i->f  [weight=1];
i->g  [weight=1];
i->h  [weight=1];
i->i  [weight=1];
i->j  [weight=1];
i->k  [weight=1];
i->l  [weight=1];
i->m  [weight=1];
i->n  [weight=1];
i->o  [weight=1];
i->p  [weight=1];
i->q  [weight=1];
i->r  [weight=1];
i->s  [weight=1];
i->t  [weight=1];
i->u  [weight=1];
i->v  [weight=1];
i->w  [weight=1];
i->x  [weight=1];
i->y  [weight=1];
i->z  [weight=1];
j->a  [weight=1];
j->b  [weight=1];
j->c  [weight=1];
j->d  [weight=1];
j->e  [weight=1];
j->f  [weight=1];
j->g  [weight=1];
j->h  [weight=1];
j->i  [weight=1];
j->j  [weight=1];
j->k  [weight=1];
j->l  [weight=1];
j->m  [weight=1];
j->n  [weight=1];
j->o  [weight=1];
j->p  [weight=1];
j->q  [weight=1];
j->r  [weight=1];
j->s  [weight=1];
j->t  [weight=1];
j->u  [weight=1];
j->v  [weight=1];
j->w  [weight=1];
j->x  [weight=1];
j->y  [weight=1];
j->z  [weight=1];
k->a  [weight=1];
k->b  [weight=1];
k->c  [weight=1];
k->d  [weight=1];
k->e  [weight=1];
k->f  [weight=1];
k->g  [weight=1];
k->h  [weight=1];
k->i  [weight=1];
k->j  [weight=1];
k->k  [weight=1];
k->l  [weight=1];
k->m  [weight=1];
k->n  [weight=1];
k->o  [weight=1];
k->p  [weight=1];
k->q  [weight=1];
k->r  [weight=1];
k->s  [weight=1];
k->t  [weight=1];
k->u  [weight=1];
k->v  [weight=1];
k->w  [weight=1];
k->x  [weight=1];
k->y  [weight=1];
k->z  [weight=1];
l->a  [weight=1];
l->b  [weight=1];
l->c  [weight=1];
l->d  [weight=1];
l->e  [weight=1];
l->f  [weight=1];
l->g  [weight=1];
l->h  [weight=1];
l->i  [weight=1];
l->j  [weight=1];
l->k  [weight=1];
l->l  [weight=1];
l->m  [weight=1];
l->n  [weight=1];
l->o  [weight=1];
l->p  [weight=1];
l->q  [weight=1];
l->r  [weight=1];
l->s  [weight=1];
l->t  [weight=1];
l->u  [weight=1];
l->v  [weight=1];
l->w  [weight=1];
l->x  [weight=1];
l->y  [weight=1];
l->z  [weight=1];
m->a  [weight=1];
m->b  [weight=1];
m->c  [weight=1];
m->d  [weight=1];
m->e  [weight=1];
m->f  [weight=1];
m->g  [weight=1];
m->h  [weight=1];
m->i  [weight=1];
m->j  [weight=1];
m->k  [weight=1];
m->l  [weight=1];
m->m  [weight=1];
m->n  [weight=1];
m->o  [weight=1];
m->p  [weight=1];
m->q  [weight=1];
m->r  [weight=1];
m->s  [weight=1];
m->t  [weight=1];
m->u  [weight=1];
m->v  [weight=1];
m->w  [weight=1];
m->x  [weight=1];
m->y  [weight=1];
m->z  [weight=1];
n->a  [weight=1];
n->b  [weight=1];
n->c  [weight=1];
n->d  [weight=1];
n->e  [weight=1];
n->f  [weight=1];
n->g  [weight=1];
n->h  [weight=1];
n->i  [weight=1];
n->j  [weight=1];
n->k  [weight=1];
n->l  [weight=1];
n->m  [weight=1];
n->n  [weight=1];
n->o  [weight=1];
n->p  [weight=1];
n->q  [weight=1];
n->r  [weight=1];
n->s  [weight=1];
n->t  [weight=1];
n->u  [weight=1];
n->v  [weight=1];
n->w  [weight=1];
n->x  [weight=1];
n->y  [weight=1];
n->z  [weight=1];
o->a  [weight=1];
o->b  [weight=1];
o->c  [weight=1];
o->d  [weight=1];
o->e  [weight=1];
o->f  [weight=1];
o->g  [weight=1];
o->h  [weight=1];
o->i  [weight=1];
o->j  [weight=1];
o->k  [weight=1];
o->l  [weight=1];
o->m  [weight=1];
o->n  [weight=1];
o->o  [weight=1];
o->p  [weight=1];
o->q  [weight=1];
o->r  [weight=1];
o->s  [weight=1];
o->t  [weight=1];
o->u  [weight=1];
o->v  [weight=1];
o->w  [weight=1];
o->x  [weight=1];
o->y  [weight=1];
o->z  [weight=1];
p->a  [weight=1];
p->b  [weight=1];
p->c  [weight=1];
p->d  [weight=1];
p->e  [weight=1];
p->f  [weight=1];
p->g  [weight=1];
p->h  [weight=1];
p->i  [weight=1];
p->j  [weight=1];
p->k  [weight=1];
p->l  [weight=1];
p->m  [weight=1];
p->n  [weight=1];
p->o  [weight=1];
p->p  [weight=1];
p->q  [weight=1];
p->r  [weight=1];
p->s  [weight=1];
p->t  [weight=1];
p->u  [weight=1];
p->v  [weight=1];
p->w  [weight=1];
p->x  [weight=1];
p->y  [weight=1];
p->z  [weight=1];
q->a  [weight=1];
q->b  [weight=1];
q->c  [weight=1];
q->d  [weight=1];
q->e  [weight=1];
q->f  [weight=1];
q->g  [weight=1];
q->h  [weight=1];
q->i  [weight=1];
q->j  [weight=1];
q->k  [weight=1];
q->l  [weight=1];
q->m  [weight=1];
q->n  [weight=1];
q->o  [weight=1];
q->p  [weight=1];
q->q  [weight=1];
q->r  [weight=1];
q->s  [weight=1];
q->t  [weight=1];
q->u  [weight=1];
q->v  [weight=1];
q->w  [weight=1];
q->x  [weight=1];
q->y  [weight=1];
q->z  [weight=1];
r->a  [weight=1];
r->b  [weight=1];
r->c  [weight=1];
r->d  [weight=1];
r->e  [weight=1];
r->f  [weight=1];
r->g  [weight=1];
r->h  [weight=1];
r->i  [weight=1];
r->j  [weight=1];
r->k  [weight=1];
r->l  [weight=1];
r->m  [weight=1];
r->n  [weight=1];
r->o  [weight=1];
r->p  [weight=1];
r->q  [weight=1];
r->r  [weight=1];
r->s  [weight=1];
r->t  [weight=1];
r->u  [weight=1];
r->v  [weight=1];
r->w  [weight=1];
r->x  [weight=1];
r->y  [weight=1];
r->z  [weight=1];
s->a  [weight=1];
s->b  [weight=1];
s->c  [weight=1];
s->d  [weight=1];
s->e  [weight=1];
s->f  [weight=1];
s->g  [weight=1];
s->h  [weight=1];
s->i  [weight=1];
s->j  [weight=1];
s->k  [weight=1];
s->l  [weight=1];
s->m  [weight=1];
s->n  [weight=1];
s->o  [weight=1];
s->p  [weight=1];
s->q  [weight=1];
s->r  [weight=1];
s->s  [weight=1];
s->t  [weight=1];
s->u  [weight=1];
s->v  [weight=1];
s->w  [weight=1];
s->x  [weight=1];
s->y  [weight=1];
s->z  [weight=1];
t->a  [weight=1];
t->b  [weight=1];
t->c  [weight=1];
t->d  [weight=1];
t->e  [weight=1];
t->f  [weight=1];
t->g  [weight=1];
t->h  [weight=1];
t->i  [weight=1];
t->j  [weight=1];
t->k  [weight=1];
t->l  [weight=1];
t->m  [weight=1];
t->n  [weight=1];
t->o  [weight=1];
t->p  [weight=1];
t->q  [weight=1];
t->r  [weight=1];
t->s  [weight=1];
t->t  [weight=1];
t->u  [weight=1];
t->v  [weight=1];
t->w  [weight=1];
t->x  [weight=1];
t->y  [weight=1];
t->z  [weight=1];
u->a  [weight=1];
u->b  [weight=1];
u->c  [weight=1];
u->d  [weight=1];
u->e  [weight=1];
u->f  [weight=1];
u->g  [weight=1];
u->h  [weight=1];
u->i  [weight=1];
u->j  [weight=1];
u->k  [weight=1];
u->l  [weight=1];
u->m  [weight=1];
u->n  [weight=1];
u->o  [weight=1];
u->p  [weight=1];
u->q  [weight=1];
u->r  [weight=1];
u->s  [weight=1];
u->t  [weight=1];
u->u  [weight=1];
u->v  [weight=1];
u->w  [weight=1];
u->x  [weight=1];
u->y  [weight=1];
u->z  [weight=1];
v->a  [weight=1];
v->b  [weight=1];
v->c  [weight=1];
v->d  [weight=1];
v->e  [weight=1];
v->f  [weight=1];
v->g  [weight=1];
v->h  [weight=1];
v->i  [weight=1];
v->j  [weight=1];
v->k  [weight=1];
v->l  [weight=1];
v->m  [weight=1];
v->n  [weight=1];
v->o  [weight=1];
v->p  [weight=1];
v->q  [weight=1];
v->r  [weight=1];
v->s  [weight=1];
v->t  [weight=1];
v->u  [weight=1];
v->v  [weight=1];
v->w  [weight=1];
v->x  [weight=1];
v->y  [weight=1];
v->z  [weight=1];
w->a  [weight=1];
w->b  [weight=1];
w->c  [weight=1];
w->d  [weight=1];
w->e  [weight=1];
w->f  [weight=1];
w->g  [weight=1];
w->h  [weight=1];
w->i  [weight=1];
w->j  [weight=1];
w->k  [weight=1];
w->l  [weight=1];
w->m  [weight=1];
w->n  [weight=1];
w->o  [weight=1];
w->p  [weight=1];
w->q  [weight=1];
w->r  [weight=1];
w->s  [weight=1];
w->t  [weight=1];
w->u  [weight=1];
w->v  [weight=1];
w->w  [weight=1];
w->x  [weight=1];
w->y  [weight=1];
w->z  [weight=1];
x->a  [weight=1];
x->b  [weight=1];
x->c  [weight=1];
x->d  [weight=1];
x->e  [weight=1];
x->f  [weight=1];
x->g  [weight=1];
x->h  [weight=1];
x->i  [weight=1];
x->j  [weight=1];
x->k  [weight=1];
x->l  [weight=1];
x->m  [weight=1];
x->n  [weight=1];
x->o  [weight=1];
x->p  [weight=1];
x->q  [weight=1];
x->r  [weight=1];
x->s  [weight=1];
x->t  [weight=1];
x->u  [weight=1];
x->v  [weight=1];
x->w  [weight=1];
x->x  [weight=1];
x->y  [weight=1];
x->z  [weight=1];
y->a  [weight=1];
y->b  [weight=1];
y->c  [weight=1];
y->d  [weight=1];
y->e  [weight=1];
y->f  [weight=1];
y->g  [weight=1];
y->h  [weight=1];
y->i  [weight=1];
y->j  [weight=1];
y->k  [weight=1];
y->l  [weight=1];
y->m  [weight=1];
y->n  [weight=1];
y->o  [weight=1];
y->p  [weight=1];
y->q  [weight=1];
y->r  [weight=1];
y->s  [weight=1];
y->t  [weight=1];
y->u  [weight=1];
y->v  [weight=1];
y->w  [weight=1];
y->x  [weight=1];
y->y  [weight=1];
y->z  [weight=1];
z->a  [weight=1];
z->b  [weight=1];
z->c  [weight=1];
z->d  [weight=1];
z->e  [weight=1];
z->f  [weight=1];
z->g  [weight=1];
z->h  [weight=1];
z->i  [weight=1];
z->j  [weight=1];
z->k  [weight=1];
z->l  [weight=1];
z->m  [weight=1];
z->n  [weight=1];
z->o  [weight=1];
z->p  [weight=1];
z->q  [weight=1];
z->r  [weight=1];
z->s  [weight=1];
z->t  [weight=1];
z->u  [weight=1];
z->v  [weight=1];
z->w  [weight=1];
z->x  [weight=1];
z->y  [weight=1];
z->z  [weight=1];
}
Cost: 1	Path: a -> d
Cost: 2	Path: a -> y -> d
Cost: 2	Path: a -> d -> d
Cost: 2	Path: a -> a -> d
Cost: 2	Path: a -> t -> d
Cost: 2	Path: a -> l -> d
Cost: 2	Path: a -> u -> d
Cost: 2	Path: a -> c -> d
Cost: 2	Path: a -> j -> d
Cost: 2	Path: a -> o -> d
Cost: 2	Path: a -> m -> d
Cost: 2	Path: a -> v -> d
Cost: 2	Path: a -> w -> d
Cost: 2	Path: a -> f -> d
Cost: 2	Path: a -> k -> d
Cost: 2	Path: a -> e -> d
Cost: 2	Path: a -> p -> d
Cost: 2	Path: a -> g -> d
Cost: 2	Path: a -> q -> d
Cost: 2	Path: a -> n -> d
Cost: 2	Path: a -> b -> d
Cost: 2	Path: a -> h -> d
Cost: 2	Path: a -> r -> d
Cost: 2	Path: a -> x -> d
Cost: 2	Path: a -> s -> d
Cost: 2	Path: a -> i -> d
Cost: 2	Path: a -> z -> d
